2025-11-17 14:41:08,881 - INFO - main - Bắt đầu chương trình
2025-11-17 14:41:08,881 - INFO - controller - Khởi tạo ProductController
2025-11-17 14:41:12,314 - INFO - selenium - Khởi tạo Selenium thành công
2025-11-17 14:41:12,314 - INFO - controller - Crawl URL: https://online.mmvietnam.com/category/bo-bo-thuc-vat.html
2025-11-17 14:41:12,314 - INFO - selenium - Tải trang: https://online.mmvietnam.com/category/bo-bo-thuc-vat.html
2025-11-17 14:41:16,669 - INFO - selenium - Bắt đầu scroll...
2025-11-17 14:41:21,864 - INFO - parser - Bắt đầu parse HTML
2025-11-17 14:41:21,901 - INFO - parser - Tìm thấy 24 product items
2025-11-17 14:41:21,909 - INFO - parser - Đã parse 24 sản phẩm
2025-11-17 14:41:21,909 - INFO - controller - Hoàn tất crawl. Tổng 24 sản phẩm.
2025-11-17 14:41:21,909 - INFO - selenium - Đóng Selenium driver
2025-11-17 14:41:22,012 - INFO - main - Tổng sản phẩm: 24

2025-11-17 14:43:08,189 - INFO - main - Bắt đầu chương trình
2025-11-17 14:43:08,800 - INFO - selenium - Khởi tạo Selenium thành công
2025-11-17 14:43:08,801 - INFO - controller - Truy cập URL: https://online.mmvietnam.com/category/bo-bo-thuc-vat.html
2025-11-17 14:43:08,801 - INFO - selenium - Tải trang: https://online.mmvietnam.com/category/bo-bo-thuc-vat.html
2025-11-17 14:43:16,461 - INFO - controller - Scroll trang 1 để load full sản phẩm...
2025-11-17 14:43:16,461 - INFO - selenium - Bắt đầu scroll...
2025-11-17 14:43:24,639 - INFO - parser - Bắt đầu parse HTML
2025-11-17 14:43:24,677 - INFO - parser - Tìm thấy 24 product items
2025-11-17 14:43:24,683 - INFO - parser - Đã parse 24 sản phẩm
2025-11-17 14:43:24,683 - INFO - controller - Trang 1 có 24 sản phẩm
2025-11-17 14:43:24,683 - INFO - controller - Tìm nút phân trang để sang trang 2...
2025-11-17 14:43:24,728 - INFO - controller - Đã tìm thấy nút trang 2 → bắt đầu click...
2025-11-17 14:43:26,775 - INFO - controller - Click thường bị chặn → dùng JavaScript click
2025-11-17 14:43:29,824 - INFO - selenium - Bắt đầu scroll...
2025-11-17 14:43:35,981 - INFO - parser - Bắt đầu parse HTML
2025-11-17 14:43:36,008 - INFO - parser - Tìm thấy 7 product items
2025-11-17 14:43:36,010 - INFO - parser - Đã parse 7 sản phẩm
2025-11-17 14:43:36,010 - INFO - controller - Trang 2 có 7 sản phẩm
2025-11-17 14:43:36,010 - INFO - selenium - Đóng Selenium driver
2025-11-17 14:43:36,143 - INFO - controller - Tổng tất cả: 31 sản phẩm (sau khi lọc trùng)
2025-11-17 14:43:36,143 - INFO - main - Tổng sản phẩm: 31
2025-11-17 14:44:19,989 - INFO - main - Bắt đầu chương trình
2025-11-17 14:44:20,580 - INFO - selenium - Khởi tạo Selenium thành công
2025-11-17 14:44:20,581 - INFO - controller - Truy cập URL: https://online.mmvietnam.com/category/bo-bo-thuc-vat.html
2025-11-17 14:44:20,581 - INFO - selenium - Tải trang: https://online.mmvietnam.com/category/bo-bo-thuc-vat.html
2025-11-17 14:44:27,101 - INFO - controller - Scroll trang 1 để load full sản phẩm...
2025-11-17 14:44:27,102 - INFO - selenium - Bắt đầu scroll...
2025-11-17 14:44:35,310 - INFO - parser - Bắt đầu parse HTML
2025-11-17 14:44:35,347 - INFO - parser - Tìm thấy 24 product items
2025-11-17 14:44:35,353 - INFO - parser - Đã parse 24 sản phẩm
2025-11-17 14:44:35,353 - INFO - controller - Trang 1 có 24 sản phẩm
2025-11-17 14:44:35,353 - INFO - controller - Tìm nút phân trang để sang trang 2...
2025-11-17 14:44:35,396 - INFO - controller - Đã tìm thấy nút trang 2 → bắt đầu click...
2025-11-17 14:44:37,428 - INFO - controller - Click thường bị chặn → dùng JavaScript click
2025-11-17 14:44:40,471 - INFO - selenium - Bắt đầu scroll...
2025-11-17 14:44:46,626 - INFO - parser - Bắt đầu parse HTML
2025-11-17 14:44:46,653 - INFO - parser - Tìm thấy 7 product items
2025-11-17 14:44:46,655 - INFO - parser - Đã parse 7 sản phẩm
2025-11-17 14:44:46,655 - INFO - controller - Trang 2 có 7 sản phẩm
2025-11-17 14:44:46,655 - INFO - selenium - Đóng Selenium driver
2025-11-17 14:44:46,777 - INFO - controller - Tổng tất cả: 31 sản phẩm (sau khi lọc trùng)
2025-11-17 14:44:46,778 - INFO - main - Tổng sản phẩm: 31
2025-11-17 15:40:44,667 - INFO - main - Bắt đầu chương trình
2025-11-17 15:40:45,366 - INFO - selenium - Khởi tạo Selenium thành công
2025-11-17 15:40:45,367 - INFO - controller - Truy cập URL: https://online.mmvietnam.com/category/bo-bo-thuc-vat.html
2025-11-17 15:40:45,367 - INFO - selenium - Tải trang: https://online.mmvietnam.com/category/bo-bo-thuc-vat.html
2025-11-17 15:40:52,428 - INFO - controller - Scroll trang 1 để load full sản phẩm...
2025-11-17 15:40:52,429 - INFO - selenium - Bắt đầu scroll...
2025-11-17 15:41:00,611 - INFO - parser - Bắt đầu parse HTML
2025-11-17 15:41:00,649 - INFO - parser - Tìm thấy 24 product items
2025-11-17 15:41:00,657 - INFO - parser - Đã parse 24 sản phẩm
2025-11-17 15:41:00,657 - INFO - controller - Trang 1 có 24 sản phẩm
2025-11-17 15:41:00,657 - INFO - controller - Tìm nút phân trang để sang trang 2...
2025-11-17 15:41:00,701 - INFO - controller - Đã tìm thấy nút trang 2 → bắt đầu click...
2025-11-17 15:41:02,729 - INFO - controller - Click thường bị chặn → dùng JavaScript click
2025-11-17 15:41:05,772 - INFO - selenium - Bắt đầu scroll...
2025-11-17 15:41:11,937 - INFO - parser - Bắt đầu parse HTML
2025-11-17 15:41:11,964 - INFO - parser - Tìm thấy 7 product items
2025-11-17 15:41:11,965 - INFO - parser - Đã parse 7 sản phẩm
2025-11-17 15:41:11,966 - INFO - controller - Trang 2 có 7 sản phẩm
2025-11-17 15:41:11,966 - INFO - selenium - Đóng Selenium driver
2025-11-17 15:41:12,086 - INFO - controller - Tổng tất cả: 31 sản phẩm (sau khi lọc trùng)
2025-11-17 15:41:12,087 - INFO - main - Tổng sản phẩm: 31
2025-11-17 15:44:45,528 - INFO - main - Bắt đầu chương trình
2025-11-17 15:44:52,643 - INFO - selenium - Khởi tạo Selenium thành công
2025-11-17 15:44:52,644 - INFO - controller - Truy cập URL: https://online.mmvietnam.com/category/bo-bo-thuc-vat.html
2025-11-17 15:44:52,644 - INFO - selenium - Tải trang: https://online.mmvietnam.com/category/bo-bo-thuc-vat.html
2025-11-17 15:45:01,585 - INFO - controller - Scroll trang 1 để load full sản phẩm...
2025-11-17 15:45:01,585 - INFO - selenium - Bắt đầu scroll...
2025-11-17 15:45:09,776 - INFO - parser - Bắt đầu parse HTML
2025-11-17 15:45:09,813 - INFO - parser - Tìm thấy 24 product items
2025-11-17 15:45:09,820 - INFO - parser - Đã parse 24 sản phẩm
2025-11-17 15:45:09,820 - INFO - controller - Trang 1 có 24 sản phẩm
2025-11-17 15:45:09,820 - INFO - controller - Tìm nút phân trang để sang trang 2...
2025-11-17 15:45:09,865 - INFO - controller - Đã tìm thấy nút trang 2 → bắt đầu click...
2025-11-17 15:45:11,932 - INFO - controller - Click thường bị chặn → dùng JavaScript click
2025-11-17 15:45:14,968 - INFO - selenium - Bắt đầu scroll...
2025-11-17 15:45:21,122 - INFO - parser - Bắt đầu parse HTML
2025-11-17 15:45:21,150 - INFO - parser - Tìm thấy 7 product items
2025-11-17 15:45:21,152 - INFO - parser - Đã parse 7 sản phẩm
2025-11-17 15:45:21,152 - INFO - controller - Trang 2 có 7 sản phẩm
2025-11-17 15:45:21,152 - INFO - selenium - Đóng Selenium driver
2025-11-17 15:45:21,274 - INFO - controller - Tổng tất cả: 31 sản phẩm (sau khi lọc trùng)
2025-11-17 15:45:21,275 - INFO - main - Tổng sản phẩm: 31
2025-11-17 15:53:07,698 - INFO - main - ===== BẮT ĐẦU CHƯƠNG TRÌNH =====
2025-11-17 15:53:08,497 - INFO - selenium - Khởi tạo Selenium thành công
2025-11-17 15:53:08,497 - INFO - controller - Truy cập URL: https://online.mmvietnam.com/category/bo-bo-thuc-vat.html
2025-11-17 15:53:08,497 - INFO - selenium - Tải trang: https://online.mmvietnam.com/category/bo-bo-thuc-vat.html
2025-11-17 15:53:21,781 - INFO - controller - Đang tải sản phẩm trang 1...
2025-11-17 15:53:21,782 - INFO - selenium - Bắt đầu scroll...
2025-11-17 15:53:30,972 - INFO - parser - Bắt đầu parse HTML
2025-11-17 15:53:31,010 - INFO - parser - Tìm thấy 24 product items
2025-11-17 15:53:31,017 - INFO - parser - Đã parse 24 sản phẩm
2025-11-17 15:53:31,018 - INFO - controller - Trang 1 có 24 sản phẩm
2025-11-17 15:53:31,018 - INFO - controller - Đang tìm nút để chuyển sang trang 2...
2025-11-17 15:53:32,923 - INFO - controller - Click thường bị chặn, dùng JavaScript click
2025-11-17 15:53:34,973 - INFO - controller - Đang tải sản phẩm trang 2...
2025-11-17 15:53:34,973 - INFO - selenium - Bắt đầu scroll...
2025-11-17 15:53:42,137 - INFO - parser - Bắt đầu parse HTML
2025-11-17 15:53:42,163 - INFO - parser - Tìm thấy 7 product items
2025-11-17 15:53:42,165 - INFO - parser - Đã parse 7 sản phẩm
2025-11-17 15:53:42,165 - INFO - controller - Trang 2 có 7 sản phẩm
2025-11-17 15:53:42,165 - INFO - selenium - Đóng Selenium driver
2025-11-17 15:53:42,282 - INFO - controller - Tổng tất cả: 31 sản phẩm (sau khi lọc trùng)
2025-11-17 15:53:42,282 - INFO - main - Tổng số sản phẩm thu được: 31
2025-11-17 15:53:42,362 - INFO - main - ===== XUẤT FILE EXCEL HOÀN TẤT =====
2025-11-17 16:07:36,177 - INFO - main - Bắt đầu chương trình
2025-11-17 16:07:37,032 - INFO - selenium - Khởi tạo Selenium thành công
2025-11-17 16:07:37,032 - ERROR - database - Lỗi kết nối PostgreSQL: type object 'Config' has no attribute 'POSTGRES_HOST'
2025-11-17 16:12:26,638 - INFO - main - Bắt đầu chương trình
2025-11-17 16:12:27,348 - INFO - selenium - Khởi tạo Selenium thành công
2025-11-17 16:12:27,401 - INFO - database - Kết nối PostgreSQL thành công
2025-11-17 16:12:27,406 - INFO - controller - Truy cập URL: https://online.mmvietnam.com/category/bo-bo-thuc-vat.html
2025-11-17 16:12:27,407 - INFO - selenium - Tải trang: https://online.mmvietnam.com/category/bo-bo-thuc-vat.html
2025-11-17 16:12:36,279 - INFO - controller - Scroll trang 1...
2025-11-17 16:12:36,279 - INFO - selenium - Bắt đầu scroll...
2025-11-17 16:12:44,460 - INFO - parser - Bắt đầu parse HTML
2025-11-17 16:12:44,495 - INFO - parser - Tìm thấy 24 product items
2025-11-17 16:12:44,503 - INFO - parser - Đã parse 24 sản phẩm
2025-11-17 16:12:44,503 - INFO - controller - Tìm nút trang 2...
2025-11-17 16:12:49,663 - INFO - selenium - Bắt đầu scroll...
2025-11-17 16:12:55,804 - INFO - parser - Bắt đầu parse HTML
2025-11-17 16:12:55,834 - INFO - parser - Tìm thấy 7 product items
2025-11-17 16:12:55,836 - INFO - parser - Đã parse 7 sản phẩm
2025-11-17 16:12:55,836 - INFO - selenium - Đóng Selenium driver
2025-11-17 16:12:55,950 - INFO - controller - Tổng sản phẩm: 31
2025-11-17 16:39:23,471 - INFO - main - Bắt đầu chương trình
2025-11-17 16:39:24,199 - INFO - selenium - Khởi tạo Selenium thành công
2025-11-17 16:39:24,247 - INFO - database - Kết nối PostgreSQL thành công
2025-11-17 16:39:24,285 - INFO - controller - Truy cập URL: https://online.mmvietnam.com/category/bo-bo-thuc-vat.html
2025-11-17 16:39:24,285 - INFO - selenium - Tải trang: https://online.mmvietnam.com/category/bo-bo-thuc-vat.html
2025-11-17 16:39:33,497 - INFO - controller - Scroll trang 1...
2025-11-17 16:39:33,498 - INFO - selenium - Bắt đầu scroll...
2025-11-17 16:39:41,697 - INFO - parser - Bắt đầu parse HTML
2025-11-17 16:39:41,732 - INFO - parser - Tìm thấy 24 product items
2025-11-17 16:39:41,738 - INFO - parser - Đã parse 24 sản phẩm
2025-11-17 16:39:41,738 - INFO - controller - Tìm nút trang 2...
2025-11-17 16:39:46,860 - INFO - selenium - Bắt đầu scroll...
2025-11-17 16:39:53,013 - INFO - parser - Bắt đầu parse HTML
2025-11-17 16:39:53,043 - INFO - parser - Tìm thấy 7 product items
2025-11-17 16:39:53,044 - INFO - parser - Đã parse 7 sản phẩm
2025-11-17 16:39:53,044 - INFO - selenium - Đóng Selenium driver
2025-11-17 16:39:53,171 - INFO - controller - Tổng sản phẩm: 31
2025-11-17 16:45:15,206 - INFO - main - Bắt đầu chương trình
2025-11-17 16:45:17,152 - INFO - selenium - Khởi tạo Selenium thành công
2025-11-17 16:45:17,193 - INFO - database - ĐÃ KẾT NỐI THÀNH CÔNG TỚI POSTGRESQL!
2025-11-17 16:45:17,193 - INFO - database - Host: localhost, DB: my_postgres
2025-11-17 16:45:17,206 - INFO - database - PostgreSQL Version: ('PostgreSQL 15.4 (Debian 15.4-1.pgdg110+1) on x86_64-pc-linux-gnu, compiled by gcc (Debian 10.2.1-6) 10.2.1 20210110, 64-bit',)
2025-11-17 16:45:17,238 - INFO - database - Bảng error_logs đã sẵn sàng!
2025-11-17 16:45:17,238 - INFO - controller - Truy cập URL: https://online.mmvietnam.com/category/bo-bo-thuc-vat.html
2025-11-17 16:45:17,239 - INFO - selenium - Tải trang: https://online.mmvietnam.com/category/bo-bo-thuc-vat.html
2025-11-17 16:45:23,001 - INFO - controller - Scroll trang 1...
2025-11-17 16:45:23,002 - INFO - selenium - Bắt đầu scroll...
2025-11-17 16:45:31,195 - INFO - parser - Bắt đầu parse HTML
2025-11-17 16:45:31,232 - INFO - parser - Tìm thấy 24 product items
2025-11-17 16:45:31,238 - INFO - parser - Đã parse 24 sản phẩm
2025-11-17 16:45:31,238 - INFO - controller - Tìm nút trang 2...
2025-11-17 16:45:36,400 - INFO - selenium - Bắt đầu scroll...
2025-11-17 16:45:42,547 - INFO - parser - Bắt đầu parse HTML
2025-11-17 16:45:42,577 - INFO - parser - Tìm thấy 7 product items
2025-11-17 16:45:42,578 - INFO - parser - Đã parse 7 sản phẩm
2025-11-17 16:45:42,578 - INFO - selenium - Đóng Selenium driver
2025-11-17 16:45:42,702 - INFO - controller - Tổng sản phẩm: 31
2025-11-17 16:47:48,832 - INFO - main - Bắt đầu chương trình
2025-11-17 16:47:49,514 - INFO - selenium - Khởi tạo Selenium thành công
2025-11-17 16:47:49,556 - INFO - database - Kết nối PostgreSQL thành công!
2025-11-17 16:47:49,556 - INFO - database - Host: localhost / DB: my_postgres
2025-11-17 16:47:49,569 - INFO - database - PostgreSQL Version: ('PostgreSQL 15.4 (Debian 15.4-1.pgdg110+1) on x86_64-pc-linux-gnu, compiled by gcc (Debian 10.2.1-6) 10.2.1 20210110, 64-bit',)
2025-11-17 16:47:49,572 - INFO - database - Tạo bảng xong.
2025-11-17 16:47:49,572 - INFO - controller - Truy cập URL: https://online.mmvietnam.com/category/bo-bo-thuc-vat.html
2025-11-17 16:47:49,573 - INFO - selenium - Tải trang: https://online.mmvietnam.com/category/bo-bo-thuc-vat.html
2025-11-17 16:47:58,976 - INFO - controller - Scroll trang 1...
2025-11-17 16:47:58,978 - INFO - selenium - Bắt đầu scroll...
2025-11-17 16:48:07,182 - INFO - parser - Bắt đầu parse HTML
2025-11-17 16:48:07,218 - INFO - parser - Tìm thấy 24 product items
2025-11-17 16:48:07,224 - INFO - parser - Đã parse 24 sản phẩm
2025-11-17 16:48:07,225 - INFO - controller - Tìm nút trang 2...
2025-11-17 16:48:12,386 - INFO - selenium - Bắt đầu scroll...
2025-11-17 16:48:18,544 - INFO - parser - Bắt đầu parse HTML
2025-11-17 16:48:18,574 - INFO - parser - Tìm thấy 7 product items
2025-11-17 16:48:18,575 - INFO - parser - Đã parse 7 sản phẩm
2025-11-17 16:48:18,575 - INFO - selenium - Đóng Selenium driver
2025-11-17 16:48:18,705 - INFO - controller - Tổng sản phẩm: 31
2025-11-17 16:48:18,716 - ERROR - database - Lỗi insert_product: column "weight" of relation "products" does not exist
LINE 2: ...               INSERT INTO products (name, price, weight, ca...
                                                             ^

2025-11-17 16:48:18,718 - ERROR - database - Lỗi insert_product: column "weight" of relation "products" does not exist
LINE 2: ...               INSERT INTO products (name, price, weight, ca...
                                                             ^

2025-11-17 16:48:18,720 - ERROR - database - Lỗi insert_product: column "weight" of relation "products" does not exist
LINE 2: ...               INSERT INTO products (name, price, weight, ca...
                                                             ^

2025-11-17 16:48:18,721 - ERROR - database - Lỗi insert_product: column "weight" of relation "products" does not exist
LINE 2: ...               INSERT INTO products (name, price, weight, ca...
                                                             ^

2025-11-17 16:48:18,723 - ERROR - database - Lỗi insert_product: column "weight" of relation "products" does not exist
LINE 2: ...               INSERT INTO products (name, price, weight, ca...
                                                             ^

2025-11-17 16:48:18,724 - ERROR - database - Lỗi insert_product: column "weight" of relation "products" does not exist
LINE 2: ...               INSERT INTO products (name, price, weight, ca...
                                                             ^

2025-11-17 16:48:18,725 - ERROR - database - Lỗi insert_product: column "weight" of relation "products" does not exist
LINE 2: ...               INSERT INTO products (name, price, weight, ca...
                                                             ^

2025-11-17 16:48:18,727 - ERROR - database - Lỗi insert_product: column "weight" of relation "products" does not exist
LINE 2: ...               INSERT INTO products (name, price, weight, ca...
                                                             ^

2025-11-17 16:48:18,728 - ERROR - database - Lỗi insert_product: column "weight" of relation "products" does not exist
LINE 2: ...               INSERT INTO products (name, price, weight, ca...
                                                             ^

2025-11-17 16:48:18,729 - ERROR - database - Lỗi insert_product: column "weight" of relation "products" does not exist
LINE 2: ...               INSERT INTO products (name, price, weight, ca...
                                                             ^

2025-11-17 16:48:18,730 - ERROR - database - Lỗi insert_product: column "weight" of relation "products" does not exist
LINE 2: ...               INSERT INTO products (name, price, weight, ca...
                                                             ^

2025-11-17 16:48:18,732 - ERROR - database - Lỗi insert_product: column "weight" of relation "products" does not exist
LINE 2: ...               INSERT INTO products (name, price, weight, ca...
                                                             ^

2025-11-17 16:48:18,733 - ERROR - database - Lỗi insert_product: column "weight" of relation "products" does not exist
LINE 2: ...               INSERT INTO products (name, price, weight, ca...
                                                             ^

2025-11-17 16:48:18,735 - ERROR - database - Lỗi insert_product: column "weight" of relation "products" does not exist
LINE 2: ...               INSERT INTO products (name, price, weight, ca...
                                                             ^

2025-11-17 16:48:18,736 - ERROR - database - Lỗi insert_product: column "weight" of relation "products" does not exist
LINE 2: ...               INSERT INTO products (name, price, weight, ca...
                                                             ^

2025-11-17 16:48:18,737 - ERROR - database - Lỗi insert_product: column "weight" of relation "products" does not exist
LINE 2: ...               INSERT INTO products (name, price, weight, ca...
                                                             ^

2025-11-17 16:48:18,738 - ERROR - database - Lỗi insert_product: column "weight" of relation "products" does not exist
LINE 2: ...               INSERT INTO products (name, price, weight, ca...
                                                             ^

2025-11-17 16:48:18,739 - ERROR - database - Lỗi insert_product: column "weight" of relation "products" does not exist
LINE 2: ...               INSERT INTO products (name, price, weight, ca...
                                                             ^

2025-11-17 16:48:18,740 - ERROR - database - Lỗi insert_product: column "weight" of relation "products" does not exist
LINE 2: ...               INSERT INTO products (name, price, weight, ca...
                                                             ^

2025-11-17 16:48:18,740 - ERROR - database - Lỗi insert_product: column "weight" of relation "products" does not exist
LINE 2: ...               INSERT INTO products (name, price, weight, ca...
                                                             ^

2025-11-17 16:48:18,741 - ERROR - database - Lỗi insert_product: column "weight" of relation "products" does not exist
LINE 2: ...               INSERT INTO products (name, price, weight, ca...
                                                             ^

2025-11-17 16:48:18,742 - ERROR - database - Lỗi insert_product: column "weight" of relation "products" does not exist
LINE 2: ...               INSERT INTO products (name, price, weight, ca...
                                                             ^

2025-11-17 16:48:18,743 - ERROR - database - Lỗi insert_product: column "weight" of relation "products" does not exist
LINE 2: ...               INSERT INTO products (name, price, weight, ca...
                                                             ^

2025-11-17 16:48:18,744 - ERROR - database - Lỗi insert_product: column "weight" of relation "products" does not exist
LINE 2: ...               INSERT INTO products (name, price, weight, ca...
                                                             ^

2025-11-17 16:48:18,745 - ERROR - database - Lỗi insert_product: column "weight" of relation "products" does not exist
LINE 2: ...               INSERT INTO products (name, price, weight, ca...
                                                             ^

2025-11-17 16:48:18,746 - ERROR - database - Lỗi insert_product: column "weight" of relation "products" does not exist
LINE 2: ...               INSERT INTO products (name, price, weight, ca...
                                                             ^

2025-11-17 16:48:18,747 - ERROR - database - Lỗi insert_product: column "weight" of relation "products" does not exist
LINE 2: ...               INSERT INTO products (name, price, weight, ca...
                                                             ^

2025-11-17 16:48:18,748 - ERROR - database - Lỗi insert_product: column "weight" of relation "products" does not exist
LINE 2: ...               INSERT INTO products (name, price, weight, ca...
                                                             ^

2025-11-17 16:48:18,749 - ERROR - database - Lỗi insert_product: column "weight" of relation "products" does not exist
LINE 2: ...               INSERT INTO products (name, price, weight, ca...
                                                             ^

2025-11-17 16:48:18,750 - ERROR - database - Lỗi insert_product: column "weight" of relation "products" does not exist
LINE 2: ...               INSERT INTO products (name, price, weight, ca...
                                                             ^

2025-11-17 16:48:18,751 - ERROR - database - Lỗi insert_product: column "weight" of relation "products" does not exist
LINE 2: ...               INSERT INTO products (name, price, weight, ca...
                                                             ^

2025-11-17 16:48:18,751 - INFO - database - Đã đóng kết nối Database.
2025-11-17 16:50:23,702 - INFO - main - Bắt đầu chương trình
2025-11-17 16:50:24,332 - INFO - selenium - Khởi tạo Selenium thành công
2025-11-17 16:50:24,373 - INFO - database - Kết nối PostgreSQL thành công!
2025-11-17 16:50:24,373 - INFO - database - Host: localhost / DB: my_postgres
2025-11-17 16:50:24,389 - INFO - database - PostgreSQL Version: ('PostgreSQL 15.4 (Debian 15.4-1.pgdg110+1) on x86_64-pc-linux-gnu, compiled by gcc (Debian 10.2.1-6) 10.2.1 20210110, 64-bit',)
2025-11-17 16:50:24,392 - INFO - database - Tạo bảng xong.
2025-11-17 16:50:24,393 - INFO - controller - Truy cập URL: https://online.mmvietnam.com/category/bo-bo-thuc-vat.html
2025-11-17 16:50:24,393 - INFO - selenium - Tải trang: https://online.mmvietnam.com/category/bo-bo-thuc-vat.html
2025-11-17 16:50:30,021 - INFO - controller - Scroll trang 1...
2025-11-17 16:50:30,022 - INFO - selenium - Bắt đầu scroll...
2025-11-17 16:50:38,193 - INFO - parser - Bắt đầu parse HTML
2025-11-17 16:50:38,228 - INFO - parser - Tìm thấy 24 product items
2025-11-17 16:50:38,237 - INFO - parser - Đã parse 24 sản phẩm
2025-11-17 16:50:38,237 - INFO - controller - Tìm nút trang 2...
2025-11-17 16:50:43,417 - INFO - selenium - Bắt đầu scroll...
2025-11-17 16:50:49,557 - INFO - parser - Bắt đầu parse HTML
2025-11-17 16:50:49,588 - INFO - parser - Tìm thấy 7 product items
2025-11-17 16:50:49,589 - INFO - parser - Đã parse 7 sản phẩm
2025-11-17 16:50:49,589 - INFO - selenium - Đóng Selenium driver
2025-11-17 16:50:49,710 - INFO - controller - Tổng sản phẩm: 31
2025-11-17 16:50:49,710 - ERROR - database - Lỗi insert_product: tuple index out of range
2025-11-17 16:50:49,710 - ERROR - database - Lỗi insert_product: tuple index out of range
2025-11-17 16:50:49,710 - ERROR - database - Lỗi insert_product: tuple index out of range
2025-11-17 16:50:49,710 - ERROR - database - Lỗi insert_product: tuple index out of range
2025-11-17 16:50:49,710 - ERROR - database - Lỗi insert_product: tuple index out of range
2025-11-17 16:50:49,710 - ERROR - database - Lỗi insert_product: tuple index out of range
2025-11-17 16:50:49,710 - ERROR - database - Lỗi insert_product: tuple index out of range
2025-11-17 16:50:49,710 - ERROR - database - Lỗi insert_product: tuple index out of range
2025-11-17 16:50:49,710 - ERROR - database - Lỗi insert_product: tuple index out of range
2025-11-17 16:50:49,710 - ERROR - database - Lỗi insert_product: tuple index out of range
2025-11-17 16:50:49,710 - ERROR - database - Lỗi insert_product: tuple index out of range
2025-11-17 16:50:49,710 - ERROR - database - Lỗi insert_product: tuple index out of range
2025-11-17 16:50:49,710 - ERROR - database - Lỗi insert_product: tuple index out of range
2025-11-17 16:50:49,710 - ERROR - database - Lỗi insert_product: tuple index out of range
2025-11-17 16:50:49,710 - ERROR - database - Lỗi insert_product: tuple index out of range
2025-11-17 16:50:49,710 - ERROR - database - Lỗi insert_product: tuple index out of range
2025-11-17 16:50:49,710 - ERROR - database - Lỗi insert_product: tuple index out of range
2025-11-17 16:50:49,710 - ERROR - database - Lỗi insert_product: tuple index out of range
2025-11-17 16:50:49,710 - ERROR - database - Lỗi insert_product: tuple index out of range
2025-11-17 16:50:49,710 - ERROR - database - Lỗi insert_product: tuple index out of range
2025-11-17 16:50:49,710 - ERROR - database - Lỗi insert_product: tuple index out of range
2025-11-17 16:50:49,710 - ERROR - database - Lỗi insert_product: tuple index out of range
2025-11-17 16:50:49,710 - ERROR - database - Lỗi insert_product: tuple index out of range
2025-11-17 16:50:49,710 - ERROR - database - Lỗi insert_product: tuple index out of range
2025-11-17 16:50:49,710 - ERROR - database - Lỗi insert_product: tuple index out of range
2025-11-17 16:50:49,710 - ERROR - database - Lỗi insert_product: tuple index out of range
2025-11-17 16:50:49,710 - ERROR - database - Lỗi insert_product: tuple index out of range
2025-11-17 16:50:49,710 - ERROR - database - Lỗi insert_product: tuple index out of range
2025-11-17 16:50:49,710 - ERROR - database - Lỗi insert_product: tuple index out of range
2025-11-17 16:50:49,710 - ERROR - database - Lỗi insert_product: tuple index out of range
2025-11-17 16:50:49,710 - ERROR - database - Lỗi insert_product: tuple index out of range
2025-11-17 16:50:49,711 - INFO - database - Đã đóng kết nối Database.
2025-11-17 16:54:46,336 - INFO - main - Bắt đầu chương trình
2025-11-17 16:54:47,005 - INFO - selenium - Khởi tạo Selenium thành công
2025-11-17 16:54:47,048 - INFO - database - Kết nối PostgreSQL thành công!
2025-11-17 16:54:47,048 - INFO - database - Host: localhost / DB: my_postgres
2025-11-17 16:54:47,060 - INFO - database - PostgreSQL Version: ('PostgreSQL 15.4 (Debian 15.4-1.pgdg110+1) on x86_64-pc-linux-gnu, compiled by gcc (Debian 10.2.1-6) 10.2.1 20210110, 64-bit',)
2025-11-17 16:54:47,064 - INFO - database - Tạo bảng xong.
2025-11-17 16:54:47,064 - INFO - controller - Truy cập URL: https://online.mmvietnam.com/category/bo-bo-thuc-vat.html
2025-11-17 16:54:47,064 - INFO - selenium - Tải trang: https://online.mmvietnam.com/category/bo-bo-thuc-vat.html
2025-11-17 16:54:57,256 - INFO - controller - Scroll trang 1...
2025-11-17 16:54:57,256 - INFO - selenium - Bắt đầu scroll...
2025-11-17 16:55:05,466 - INFO - parser - Bắt đầu parse HTML
2025-11-17 16:55:05,501 - INFO - parser - Tìm thấy 24 product items
2025-11-17 16:55:05,508 - INFO - parser - Đã parse 24 sản phẩm
2025-11-17 16:55:05,508 - INFO - controller - Tìm nút trang 2...
2025-11-17 16:55:10,679 - INFO - selenium - Bắt đầu scroll...
2025-11-17 16:55:16,835 - INFO - parser - Bắt đầu parse HTML
2025-11-17 16:55:16,866 - INFO - parser - Tìm thấy 7 product items
2025-11-17 16:55:16,867 - INFO - parser - Đã parse 7 sản phẩm
2025-11-17 16:55:16,867 - INFO - selenium - Đóng Selenium driver
2025-11-17 16:55:16,989 - INFO - controller - Tổng sản phẩm: 31
2025-11-17 16:55:17,013 - INFO - database - Đã lưu sản phẩm: Bơ lạt tự nhiên TH True Butter, hộp 10 viên, 10g
2025-11-17 16:55:17,014 - INFO - database - Đã lưu sản phẩm: Bơ Anchor lạt, vỉ 10 viên, 7g
2025-11-17 16:55:17,015 - INFO - database - Đã lưu sản phẩm: Bơ Imperial mặn, hộp 10 vỉ, 10g/8g
2025-11-17 16:55:17,016 - INFO - database - Đã lưu sản phẩm: Bơ cục Anchor lạt, 200g
2025-11-17 16:55:17,017 - INFO - database - Đã lưu sản phẩm: Bơ Anchor lạt, vỉ 288 viên, 7g
2025-11-17 16:55:17,018 - INFO - database - Đã lưu sản phẩm: Bơ lạt Allowrie, 5kg
2025-11-17 16:55:17,019 - INFO - database - Đã lưu sản phẩm: Bơ thực vật Baker Puff
2025-11-17 16:55:17,020 - INFO - database - Đã lưu sản phẩm: Bơ lạt tự nhiên TH True Butter, 200g
2025-11-17 16:55:17,021 - INFO - database - Đã lưu sản phẩm: Bơ cục President lạt, 125g
2025-11-17 16:55:17,022 - INFO - database - Đã lưu sản phẩm: Bơ lạt tự nhiên TH True Butter, 5kg
2025-11-17 16:55:17,023 - INFO - database - Đã lưu sản phẩm: Bơ mặn Westgold, 250g
2025-11-17 16:55:17,024 - INFO - database - Đã lưu sản phẩm: Bơ lạt Anchor, 1kg
2025-11-17 16:55:17,025 - INFO - database - Đã lưu sản phẩm: Bơ lạt Allowrie, 1kg
2025-11-17 16:55:17,026 - INFO - database - Đã lưu sản phẩm: Bơ cục President lạt, 200g
2025-11-17 16:55:17,027 - INFO - database - Đã lưu sản phẩm: Bơ cục President mặn, 125g
2025-11-17 16:55:17,028 - INFO - database - Đã lưu sản phẩm: Bơ lạt Westgold, 250g
2025-11-17 16:55:17,029 - INFO - database - Đã lưu sản phẩm: Bơ thực vật Flora, 250g
2025-11-17 16:55:17,030 - INFO - database - Đã lưu sản phẩm: Bơ lạt Bottega Zelachi, 250g
2025-11-17 16:55:17,031 - INFO - database - Đã lưu sản phẩm: Bơ mặn Paysan Breton, 200g
2025-11-17 16:55:17,032 - INFO - database - Đã lưu sản phẩm: Bơ lạt Emborg cook & bake, 200g
2025-11-17 16:55:17,033 - INFO - database - Đã lưu sản phẩm: Bơ cục Anchor mặn, 200g
2025-11-17 16:55:17,034 - INFO - database - Đã lưu sản phẩm: Bơ mặn Imperial, 227g/200g
2025-11-17 16:55:17,035 - INFO - database - Đã lưu sản phẩm: Bơ lạt AOP khối, 250g
2025-11-17 16:55:17,036 - INFO - database - Đã lưu sản phẩm: Bơ lạt Paysan Breton, 200g
2025-11-17 16:55:17,037 - INFO - database - Đã lưu sản phẩm: Bơ khối Anchor lạt, 5kg
2025-11-17 16:55:17,037 - INFO - database - Đã lưu sản phẩm: Bơ lạt President, hộp 250g
2025-11-17 16:55:17,038 - INFO - database - Đã lưu sản phẩm: Bơ lạt phết Anchor, 200g
2025-11-17 16:55:17,039 - INFO - database - Đã lưu sản phẩm: Bơ mặn Allowrie, 1kg
2025-11-17 16:55:17,041 - INFO - database - Đã lưu sản phẩm: Bơ mặn Allowrie, 5kg
2025-11-17 16:55:17,043 - INFO - database - Đã lưu sản phẩm: Bơ mặn AOP khối, 250g
2025-11-17 16:55:17,044 - INFO - database - Đã lưu sản phẩm: Bơ lạt Emborg 82% béo, 200g
2025-11-17 16:55:17,044 - INFO - database - Đã đóng kết nối Database.
2025-11-17 16:58:39,389 - INFO - main - Bắt đầu chương trình
2025-11-17 16:58:39,950 - INFO - selenium - Khởi tạo Selenium thành công
2025-11-17 16:58:39,994 - INFO - database - Kết nối PostgreSQL thành công!
2025-11-17 16:58:39,994 - INFO - database - Host: localhost / DB: my_postgres
2025-11-17 16:58:40,006 - INFO - database - PostgreSQL Version: ('PostgreSQL 15.4 (Debian 15.4-1.pgdg110+1) on x86_64-pc-linux-gnu, compiled by gcc (Debian 10.2.1-6) 10.2.1 20210110, 64-bit',)
2025-11-17 16:58:40,007 - ERROR - database - Lỗi tạo bảng: syntax error at or near "NOT_EXISTS"
LINE 2:                 CREATE TABLE IF NOT_EXISTS error_logs (
                                        ^

2025-11-17 16:58:40,008 - INFO - controller - Truy cập URL: https://online.mmvietnam.com/category/bo-bo-thuc-vat.html
2025-11-17 16:58:40,008 - INFO - selenium - Tải trang: https://online.mmvietnam.com/category/bo-bo-thuc-vat.html
2025-11-17 16:58:57,622 - INFO - controller - Scroll trang 1...
2025-11-17 16:58:57,622 - INFO - selenium - Bắt đầu scroll...
2025-11-17 16:59:05,816 - INFO - parser - Bắt đầu parse HTML
2025-11-17 16:59:05,851 - INFO - parser - Tìm thấy 24 product items
2025-11-17 16:59:05,857 - INFO - parser - Đã parse 24 sản phẩm
2025-11-17 16:59:05,857 - INFO - controller - Tìm nút trang 2...
2025-11-17 16:59:10,993 - INFO - selenium - Bắt đầu scroll...
2025-11-17 16:59:17,144 - INFO - parser - Bắt đầu parse HTML
2025-11-17 16:59:17,178 - INFO - parser - Tìm thấy 7 product items
2025-11-17 16:59:17,181 - INFO - parser - Đã parse 7 sản phẩm
2025-11-17 16:59:17,181 - INFO - selenium - Đóng Selenium driver
2025-11-17 16:59:17,314 - INFO - controller - Tổng sản phẩm: 31
2025-11-17 16:59:17,340 - INFO - database - Đã lưu sản phẩm: Bơ lạt tự nhiên TH True Butter, hộp 10 viên, 10g
2025-11-17 16:59:17,341 - INFO - database - Đã lưu sản phẩm: Bơ Anchor lạt, vỉ 10 viên, 7g
2025-11-17 16:59:17,342 - INFO - database - Đã lưu sản phẩm: Bơ Imperial mặn, hộp 10 vỉ, 10g/8g
2025-11-17 16:59:17,343 - INFO - database - Đã lưu sản phẩm: Bơ cục Anchor lạt, 200g
2025-11-17 16:59:17,344 - INFO - database - Đã lưu sản phẩm: Bơ Anchor lạt, vỉ 288 viên, 7g
2025-11-17 16:59:17,345 - INFO - database - Đã lưu sản phẩm: Bơ lạt Allowrie, 5kg
2025-11-17 16:59:17,347 - INFO - database - Đã lưu sản phẩm: Bơ thực vật Baker Puff
2025-11-17 16:59:17,348 - INFO - database - Đã lưu sản phẩm: Bơ lạt tự nhiên TH True Butter, 200g
2025-11-17 16:59:17,349 - INFO - database - Đã lưu sản phẩm: Bơ cục President lạt, 125g
2025-11-17 16:59:17,350 - INFO - database - Đã lưu sản phẩm: Bơ lạt tự nhiên TH True Butter, 5kg
2025-11-17 16:59:17,351 - INFO - database - Đã lưu sản phẩm: Bơ mặn Westgold, 250g
2025-11-17 16:59:17,352 - INFO - database - Đã lưu sản phẩm: Bơ lạt Anchor, 1kg
2025-11-17 16:59:17,353 - INFO - database - Đã lưu sản phẩm: Bơ lạt Allowrie, 1kg
2025-11-17 16:59:17,354 - INFO - database - Đã lưu sản phẩm: Bơ cục President lạt, 200g
2025-11-17 16:59:17,355 - INFO - database - Đã lưu sản phẩm: Bơ cục President mặn, 125g
2025-11-17 16:59:17,356 - INFO - database - Đã lưu sản phẩm: Bơ lạt Westgold, 250g
2025-11-17 16:59:17,357 - INFO - database - Đã lưu sản phẩm: Bơ thực vật Flora, 250g
2025-11-17 16:59:17,358 - INFO - database - Đã lưu sản phẩm: Bơ lạt Bottega Zelachi, 250g
2025-11-17 16:59:17,359 - INFO - database - Đã lưu sản phẩm: Bơ mặn Paysan Breton, 200g
2025-11-17 16:59:17,360 - INFO - database - Đã lưu sản phẩm: Bơ lạt Emborg cook & bake, 200g
2025-11-17 16:59:17,361 - INFO - database - Đã lưu sản phẩm: Bơ cục Anchor mặn, 200g
2025-11-17 16:59:17,362 - INFO - database - Đã lưu sản phẩm: Bơ mặn Imperial, 227g/200g
2025-11-17 16:59:17,363 - INFO - database - Đã lưu sản phẩm: Bơ lạt AOP khối, 250g
2025-11-17 16:59:17,364 - INFO - database - Đã lưu sản phẩm: Bơ lạt Paysan Breton, 200g
2025-11-17 16:59:17,365 - INFO - database - Đã lưu sản phẩm: Bơ khối Anchor lạt, 5kg
2025-11-17 16:59:17,367 - INFO - database - Đã lưu sản phẩm: Bơ lạt President, hộp 250g
2025-11-17 16:59:17,368 - INFO - database - Đã lưu sản phẩm: Bơ lạt phết Anchor, 200g
2025-11-17 16:59:17,369 - INFO - database - Đã lưu sản phẩm: Bơ mặn Allowrie, 1kg
2025-11-17 16:59:17,370 - INFO - database - Đã lưu sản phẩm: Bơ mặn Allowrie, 5kg
2025-11-17 16:59:17,372 - INFO - database - Đã lưu sản phẩm: Bơ mặn AOP khối, 250g
2025-11-17 16:59:17,373 - INFO - database - Đã lưu sản phẩm: Bơ lạt Emborg 82% béo, 200g
2025-11-17 16:59:17,373 - INFO - database - Đã đóng kết nối PostgreSQL.
2025-11-17 17:00:46,753 - INFO - main - Bắt đầu chương trình
2025-11-17 17:00:47,465 - INFO - selenium - Khởi tạo Selenium thành công
2025-11-17 17:00:47,510 - INFO - database - Kết nối PostgreSQL thành công!
2025-11-17 17:00:47,516 - INFO - database - Bảng products đã sẵn sàng.
2025-11-17 17:00:47,516 - INFO - controller - Truy cập URL: https://online.mmvietnam.com/category/bo-bo-thuc-vat.html
2025-11-17 17:00:47,516 - INFO - selenium - Tải trang: https://online.mmvietnam.com/category/bo-bo-thuc-vat.html
2025-11-17 17:01:15,420 - INFO - controller - Scroll trang 1...
2025-11-17 17:01:15,421 - INFO - selenium - Bắt đầu scroll...
2025-11-17 17:01:23,645 - INFO - parser - Bắt đầu parse HTML
2025-11-17 17:01:23,679 - INFO - parser - Tìm thấy 24 product items
2025-11-17 17:01:23,685 - INFO - parser - Đã parse 24 sản phẩm
2025-11-17 17:01:23,685 - INFO - controller - Tìm nút trang 2...
2025-11-17 17:01:28,846 - INFO - selenium - Bắt đầu scroll...
2025-11-17 17:01:34,984 - INFO - parser - Bắt đầu parse HTML
2025-11-17 17:01:35,016 - INFO - parser - Tìm thấy 7 product items
2025-11-17 17:01:35,017 - INFO - parser - Đã parse 7 sản phẩm
2025-11-17 17:01:35,017 - INFO - selenium - Đóng Selenium driver
2025-11-17 17:01:35,132 - INFO - controller - Tổng sản phẩm: 31
2025-11-17 17:01:35,167 - INFO - database - Đã lưu sản phẩm: Bơ lạt tự nhiên TH True Butter, hộp 10 viên, 10g
2025-11-17 17:01:35,169 - INFO - database - Đã lưu sản phẩm: Bơ Anchor lạt, vỉ 10 viên, 7g
2025-11-17 17:01:35,170 - INFO - database - Đã lưu sản phẩm: Bơ Imperial mặn, hộp 10 vỉ, 10g/8g
2025-11-17 17:01:35,171 - INFO - database - Đã lưu sản phẩm: Bơ cục Anchor lạt, 200g
2025-11-17 17:01:35,172 - INFO - database - Đã lưu sản phẩm: Bơ Anchor lạt, vỉ 288 viên, 7g
2025-11-17 17:01:35,173 - INFO - database - Đã lưu sản phẩm: Bơ lạt Allowrie, 5kg
2025-11-17 17:01:35,174 - INFO - database - Đã lưu sản phẩm: Bơ thực vật Baker Puff
2025-11-17 17:01:35,176 - INFO - database - Đã lưu sản phẩm: Bơ lạt tự nhiên TH True Butter, 200g
2025-11-17 17:01:35,177 - INFO - database - Đã lưu sản phẩm: Bơ cục President lạt, 125g
2025-11-17 17:01:35,178 - INFO - database - Đã lưu sản phẩm: Bơ lạt tự nhiên TH True Butter, 5kg
2025-11-17 17:01:35,179 - INFO - database - Đã lưu sản phẩm: Bơ mặn Westgold, 250g
2025-11-17 17:01:35,180 - INFO - database - Đã lưu sản phẩm: Bơ lạt Anchor, 1kg
2025-11-17 17:01:35,181 - INFO - database - Đã lưu sản phẩm: Bơ lạt Allowrie, 1kg
2025-11-17 17:01:35,182 - INFO - database - Đã lưu sản phẩm: Bơ cục President lạt, 200g
2025-11-17 17:01:35,182 - INFO - database - Đã lưu sản phẩm: Bơ cục President mặn, 125g
2025-11-17 17:01:35,183 - INFO - database - Đã lưu sản phẩm: Bơ lạt Westgold, 250g
2025-11-17 17:01:35,184 - INFO - database - Đã lưu sản phẩm: Bơ thực vật Flora, 250g
2025-11-17 17:01:35,185 - INFO - database - Đã lưu sản phẩm: Bơ lạt Bottega Zelachi, 250g
2025-11-17 17:01:35,186 - INFO - database - Đã lưu sản phẩm: Bơ mặn Paysan Breton, 200g
2025-11-17 17:01:35,187 - INFO - database - Đã lưu sản phẩm: Bơ lạt Emborg cook & bake, 200g
2025-11-17 17:01:35,188 - INFO - database - Đã lưu sản phẩm: Bơ cục Anchor mặn, 200g
2025-11-17 17:01:35,189 - INFO - database - Đã lưu sản phẩm: Bơ mặn Imperial, 227g/200g
2025-11-17 17:01:35,190 - INFO - database - Đã lưu sản phẩm: Bơ lạt AOP khối, 250g
2025-11-17 17:01:35,191 - INFO - database - Đã lưu sản phẩm: Bơ lạt Paysan Breton, 200g
2025-11-17 17:01:35,192 - INFO - database - Đã lưu sản phẩm: Bơ khối Anchor lạt, 5kg
2025-11-17 17:01:35,193 - INFO - database - Đã lưu sản phẩm: Bơ lạt President, hộp 250g
2025-11-17 17:01:35,194 - INFO - database - Đã lưu sản phẩm: Bơ lạt phết Anchor, 200g
2025-11-17 17:01:35,195 - INFO - database - Đã lưu sản phẩm: Bơ mặn Allowrie, 1kg
2025-11-17 17:01:35,197 - INFO - database - Đã lưu sản phẩm: Bơ mặn Allowrie, 5kg
2025-11-17 17:01:35,198 - INFO - database - Đã lưu sản phẩm: Bơ mặn AOP khối, 250g
2025-11-17 17:01:35,199 - INFO - database - Đã lưu sản phẩm: Bơ lạt Emborg 82% béo, 200g
2025-11-17 17:01:35,199 - INFO - database - Đã đóng kết nối Database.
